Starting the development server...

⚠️ ⚠️ ⚠️  It\'s not recommended to use webpack.config.js, since roadhog\'s major or minor version upgrades may result in incompatibility. If you insist on doing so, please be careful of the compatibility after upgrading roadhog.

Compiled successfully!

The app is running at:

  http://localhost:8000/

Note that the development build is not optimized.
To create a production build, use npm run build.

Starting the development server...

⚠️ ⚠️ ⚠️  It\'s not recommended to use webpack.config.js, since roadhog\'s major or minor version upgrades may result in incompatibility. If you insist on doing so, please be careful of the compatibility after upgrading roadhog.

Compiled successfully!

The app is running at:

  http://localhost:8000/

Note that the development build is not optimized.
To create a production build, use npm run build.

Starting the development server...

⚠️ ⚠️ ⚠️  It\'s not recommended to use webpack.config.js, since roadhog\'s major or minor version upgrades may result in incompatibility. If you insist on doing so, please be careful of the compatibility after upgrading roadhog.

Compiled successfully!

The app is running at:

  http://localhost:8000/

Note that the development build is not optimized.
To create a production build, use npm run build.

Starting the development server...

⚠️ ⚠️ ⚠️  It\'s not recommended to use webpack.config.js, since roadhog\'s major or minor version upgrades may result in incompatibility. If you insist on doing so, please be careful of the compatibility after upgrading roadhog.

Compiled successfully!

The app is running at:

  http://localhost:8000/

Note that the development build is not optimized.
To create a production build, use npm run build.

CHANGED .\src\mock\menu.js
Compiling...
⚠️ ⚠️ ⚠️  It\'s not recommended to use webpack.config.js, since roadhog\'s major or minor version upgrades may result in incompatibility. If you insist on doing so, please be careful of the compatibility after upgrading roadhog.

Compiled successfully!
Compiling...
⚠️ ⚠️ ⚠️  It\'s not recommended to use webpack.config.js, since roadhog\'s major or minor version upgrades may result in incompatibility. If you insist on doing so, please be careful of the compatibility after upgrading roadhog.

Failed to compile.

Error in ./src/routes/transaction/purchase/Browse.js
Syntax error: C:/Users/Veirry/Project DMI/dmi-pos/src/routes/transaction/purchase/Browse.js: Unexpected token (127:19)

  125 |         {...tableProps}
  126 |         bordered
> 127 |         scrol={{ x = 1300 }}
      |                    ^
  128 |         columns={columns}
  129 |         simple
  130 |         rowKey={record => record.memberCode}

 @ ./src/routes/transaction/purchase/index.js 27:14-33

Compiling...
⚠️ ⚠️ ⚠️  It\'s not recommended to use webpack.config.js, since roadhog\'s major or minor version upgrades may result in incompatibility. If you insist on doing so, please be careful of the compatibility after upgrading roadhog.

Compiled successfully!
Compiling...
⚠️ ⚠️ ⚠️  It\'s not recommended to use webpack.config.js, since roadhog\'s major or minor version upgrades may result in incompatibility. If you insist on doing so, please be careful of the compatibility after upgrading roadhog.

Compiled successfully!
Compiling...
⚠️ ⚠️ ⚠️  It\'s not recommended to use webpack.config.js, since roadhog\'s major or minor version upgrades may result in incompatibility. If you insist on doing so, please be careful of the compatibility after upgrading roadhog.

Compiled successfully!
Compiling...
⚠️ ⚠️ ⚠️  It\'s not recommended to use webpack.config.js, since roadhog\'s major or minor version upgrades may result in incompatibility. If you insist on doing so, please be careful of the compatibility after upgrading roadhog.

Compiled successfully!
Compiling...
⚠️ ⚠️ ⚠️  It\'s not recommended to use webpack.config.js, since roadhog\'s major or minor version upgrades may result in incompatibility. If you insist on doing so, please be careful of the compatibility after upgrading roadhog.

Compiled successfully!
Compiling...
⚠️ ⚠️ ⚠️  It\'s not recommended to use webpack.config.js, since roadhog\'s major or minor version upgrades may result in incompatibility. If you insist on doing so, please be careful of the compatibility after upgrading roadhog.

Compiled successfully!
Compiling...
⚠️ ⚠️ ⚠️  It\'s not recommended to use webpack.config.js, since roadhog\'s major or minor version upgrades may result in incompatibility. If you insist on doing so, please be careful of the compatibility after upgrading roadhog.

Compiled successfully!
Compiling...
⚠️ ⚠️ ⚠️  It\'s not recommended to use webpack.config.js, since roadhog\'s major or minor version upgrades may result in incompatibility. If you insist on doing so, please be careful of the compatibility after upgrading roadhog.

Compiled successfully!
Starting the development server...

⚠️ ⚠️ ⚠️  It\'s not recommended to use webpack.config.js, since roadhog\'s major or minor version upgrades may result in incompatibility. If you insist on doing so, please be careful of the compatibility after upgrading roadhog.

Compiled successfully!

The app is running at:

  http://localhost:8000/

Note that the development build is not optimized.
To create a production build, use npm run build.

Compiling...
⚠️ ⚠️ ⚠️  It\'s not recommended to use webpack.config.js, since roadhog\'s major or minor version upgrades may result in incompatibility. If you insist on doing so, please be careful of the compatibility after upgrading roadhog.

Compiled successfully!
Compiling...
⚠️ ⚠️ ⚠️  It\'s not recommended to use webpack.config.js, since roadhog\'s major or minor version upgrades may result in incompatibility. If you insist on doing so, please be careful of the compatibility after upgrading roadhog.

Compiled successfully!
Compiling...
⚠️ ⚠️ ⚠️  It\'s not recommended to use webpack.config.js, since roadhog\'s major or minor version upgrades may result in incompatibility. If you insist on doing so, please be careful of the compatibility after upgrading roadhog.

Compiled successfully!
Compiling...
⚠️ ⚠️ ⚠️  It\'s not recommended to use webpack.config.js, since roadhog\'s major or minor version upgrades may result in incompatibility. If you insist on doing so, please be careful of the compatibility after upgrading roadhog.

Compiled successfully!
Compiling...
⚠️ ⚠️ ⚠️  It\'s not recommended to use webpack.config.js, since roadhog\'s major or minor version upgrades may result in incompatibility. If you insist on doing so, please be careful of the compatibility after upgrading roadhog.

Compiled successfully!
Compiling...
⚠️ ⚠️ ⚠️  It\'s not recommended to use webpack.config.js, since roadhog\'s major or minor version upgrades may result in incompatibility. If you insist on doing so, please be careful of the compatibility after upgrading roadhog.

Compiled successfully!
Compiling...
⚠️ ⚠️ ⚠️  It\'s not recommended to use webpack.config.js, since roadhog\'s major or minor version upgrades may result in incompatibility. If you insist on doing so, please be careful of the compatibility after upgrading roadhog.

Compiled successfully!
Compiling...
⚠️ ⚠️ ⚠️  It\'s not recommended to use webpack.config.js, since roadhog\'s major or minor version upgrades may result in incompatibility. If you insist on doing so, please be careful of the compatibility after upgrading roadhog.

Compiled successfully!
Compiling...
⚠️ ⚠️ ⚠️  It\'s not recommended to use webpack.config.js, since roadhog\'s major or minor version upgrades may result in incompatibility. If you insist on doing so, please be careful of the compatibility after upgrading roadhog.

Compiled successfully!
Compiling...
⚠️ ⚠️ ⚠️  It\'s not recommended to use webpack.config.js, since roadhog\'s major or minor version upgrades may result in incompatibility. If you insist on doing so, please be careful of the compatibility after upgrading roadhog.

Compiled successfully!
Compiling...
⚠️ ⚠️ ⚠️  It\'s not recommended to use webpack.config.js, since roadhog\'s major or minor version upgrades may result in incompatibility. If you insist on doing so, please be careful of the compatibility after upgrading roadhog.

Compiled successfully!
Compiling...
⚠️ ⚠️ ⚠️  It\'s not recommended to use webpack.config.js, since roadhog\'s major or minor version upgrades may result in incompatibility. If you insist on doing so, please be careful of the compatibility after upgrading roadhog.

Compiled successfully!
Compiling...
⚠️ ⚠️ ⚠️  It\'s not recommended to use webpack.config.js, since roadhog\'s major or minor version upgrades may result in incompatibility. If you insist on doing so, please be careful of the compatibility after upgrading roadhog.

Compiled successfully!
Compiling...
⚠️ ⚠️ ⚠️  It\'s not recommended to use webpack.config.js, since roadhog\'s major or minor version upgrades may result in incompatibility. If you insist on doing so, please be careful of the compatibility after upgrading roadhog.

Compiled successfully!
